
██╗      █████╗ ███╗   ███╗ █████╗     ██████╗ ██████╗ 
██║     ██╔══██╗████╗ ████║██╔══██╗    ██╔══██╗██╔══██╗
██║     ███████║██╔████╔██║███████║    ██║  ██║██████╔╝
██║     ██╔══██║██║╚██╔╝██║██╔══██║    ██║  ██║██╔══██╗
███████╗██║  ██║██║ ╚═╝ ██║██║  ██║    ██████╔╝██████╔╝
╚══════╝╚═╝  ╚═╝╚═╝     ╚═╝╚═╝  ╚═╝    ╚═════╝ ╚═════╝
                                                        v1.2.0

===============================================================================
INITIALIZING LAMADB SERVICE
===============================================================================


╔══════════════════════════════════════════════════════════════════════════╗
║  SERVICE STARTUP SEQUENCE                                                ║
╚══════════════════════════════════════════════════════════════════════════╝

- Starting sequence...
✔ Startup complete.

╔══════════════════════════════════════════════════════════════════════════╗
║  SERVICE STATUS                                                          ║
╚══════════════════════════════════════════════════════════════════════════╝

  ✓ API SERVER      Running on http://localhost:8080
  ✓ DATABASE        Connected (in-memory cache)
  ✓ CLOUD SYNC      Active and synchronized
  ✓ AUTHENTICATION  Valid session established
  ✓ ENCRYPTION      AES-256-GCM enabled
  ✓ WEB INTERFACE   Available at http://localhost:8080/ui

╔══════════════════════════════════════════════════════════════════════════╗
║  ENDPOINTS AVAILABLE                                                     ║
╚══════════════════════════════════════════════════════════════════════════╝

  › REST API:       http://localhost:8080/api/v1
  › WebSocket:      ws://localhost:8080/ws
  › Metrics:        http://localhost:8080/metrics
  › Health Check:   http://localhost:8080/health

===============================================================================
✅ LAMADB SERVICE STARTED SUCCESSFULLY
Listening on port 8080 | PID: 43966 | Ready to process requests
===============================================================================

  → Press Ctrl+C to stop the service.
